# JRE version: Java(TM) SE Runtime Environment (7.0_55-b13) (build 1.7.0_55-b13)
# Java VM: Java HotSpot(TM) 64-Bit Server VM (24.55-b03 mixed mode linux-amd64 compressed oops)
Heap
 par new generation   total 78656K, used 6286K [0x00000000bae00000, 0x00000000c0350000, 0x00000000cfac0000)
  eden space 69952K,   3% used [0x00000000bae00000, 0x00000000bb076288, 0x00000000bf250000)
  from space 8704K,  43% used [0x00000000bfad0000, 0x00000000bfe7d6c0, 0x00000000c0350000)
  to   space 8704K,   0% used [0x00000000bf250000, 0x00000000bf250000, 0x00000000bfad0000)
 concurrent mark-sweep generation total 486164K, used 357704K [0x00000000cfac0000, 0x00000000ed585000, 0x00000000fae00000)
 concurrent-mark-sweep perm gen total 75328K, used 45195K [0x00000000fae00000, 0x00000000ff790000, 0x0000000100000000)
GC Heap History (10 events):
Event: 125575.572 GC heap before
{Heap before GC invocations=30828 (full 827):
 par new generation   total 78656K, used 74915K [0x00000000bae00000, 0x00000000c0350000, 0x00000000cfac0000)
  eden space 69952K, 100% used [0x00000000bae00000, 0x00000000bf250000, 0x00000000bf250000)
  from space 8704K,  57% used [0x00000000bf250000, 0x00000000bf728d48, 0x00000000bfad0000)
  to   space 8704K,   0% used [0x00000000bfad0000, 0x00000000bfad0000, 0x00000000c0350000)
 concurrent mark-sweep generation total 486164K, used 354405K [0x00000000cfac0000, 0x00000000ed585000, 0x00000000fae00000)
 concurrent-mark-sweep perm gen total 75328K, used 45195K [0x00000000fae00000, 0x00000000ff790000, 0x0000000100000000)
Event: 125575.583 GC heap after
Heap after GC invocations=30829 (full 827):
 par new generation   total 78656K, used 4868K [0x00000000bae00000, 0x00000000c0350000, 0x00000000cfac0000)
  eden space 69952K,   0% used [0x00000000bae00000, 0x00000000bae00000, 0x00000000bf250000)
  from space 8704K,  55% used [0x00000000bfad0000, 0x00000000bff910a8, 0x00000000c0350000)
  to   space 8704K,   0% used [0x00000000bf250000, 0x00000000bf250000, 0x00000000bfad0000)
 concurrent mark-sweep generation total 486164K, used 355326K [0x00000000cfac0000, 0x00000000ed585000, 0x00000000fae00000)
 concurrent-mark-sweep perm gen total 75328K, used 45195K [0x00000000fae00000, 0x00000000ff790000, 0x0000000100000000)
}
Event: 125583.186 GC heap before
{Heap before GC invocations=30829 (full 827):
 par new generation   total 78656K, used 74820K [0x00000000bae00000, 0x00000000c0350000, 0x00000000cfac0000)
  eden space 69952K, 100% used [0x00000000bae00000, 0x00000000bf250000, 0x00000000bf250000)
  from space 8704K,  55% used [0x00000000bfad0000, 0x00000000bff910a8, 0x00000000c0350000)
  to   space 8704K,   0% used [0x00000000bf250000, 0x00000000bf250000, 0x00000000bfad0000)
 concurrent mark-sweep generation total 486164K, used 355326K [0x00000000cfac0000, 0x00000000ed585000, 0x00000000fae00000)
 concurrent-mark-sweep perm gen total 75328K, used 45195K [0x00000000fae00000, 0x00000000ff790000, 0x0000000100000000)
Event: 125583.196 GC heap after
Heap after GC invocations=30830 (full 827):
 par new generation   total 78656K, used 5253K [0x00000000bae00000, 0x00000000c0350000, 0x00000000cfac0000)
  eden space 69952K,   0% used [0x00000000bae00000, 0x00000000bae00000, 0x00000000bf250000)
  from space 8704K,  60% used [0x00000000bf250000, 0x00000000bf771580, 0x00000000bfad0000)
  to   space 8704K,   0% used [0x00000000bfad0000, 0x00000000bfad0000, 0x00000000c0350000)
 concurrent mark-sweep generation total 486164K, used 355562K [0x00000000cfac0000, 0x00000000ed585000, 0x00000000fae00000)
 concurrent-mark-sweep perm gen total 75328K, used 45195K [0x00000000fae00000, 0x00000000ff790000, 0x0000000100000000)
}
Event: 125595.927 GC heap before
{Heap before GC invocations=30830 (full 827):
 par new generation   total 78656K, used 75205K [0x00000000bae00000, 0x00000000c0350000, 0x00000000cfac0000)
  eden space 69952K, 100% used [0x00000000bae00000, 0x00000000bf250000, 0x00000000bf250000)
  from space 8704K,  60% used [0x00000000bf250000, 0x00000000bf771580, 0x00000000bfad0000)
  to   space 8704K,   0% used [0x00000000bfad0000, 0x00000000bfad0000, 0x00000000c0350000)
 concurrent mark-sweep generation total 486164K, used 355562K [0x00000000cfac0000, 0x00000000ed585000, 0x00000000fae00000)
 concurrent-mark-sweep perm gen total 75328K, used 45195K [0x00000000fae00000, 0x00000000ff790000, 0x0000000100000000)
Event: 125595.943 GC heap after
Heap after GC invocations=30831 (full 827):
 par new generation   total 78656K, used 5406K [0x00000000bae00000, 0x00000000c0350000, 0x00000000cfac0000)
  eden space 69952K,   0% used [0x00000000bae00000, 0x00000000bae00000, 0x00000000bf250000)
  from space 8704K,  62% used [0x00000000bfad0000, 0x00000000c00178f0, 0x00000000c0350000)
  to   space 8704K,   0% used [0x00000000bf250000, 0x00000000bf250000, 0x00000000bfad0000)
 concurrent mark-sweep generation total 486164K, used 356620K [0x00000000cfac0000, 0x00000000ed585000, 0x00000000fae00000)
 concurrent-mark-sweep perm gen total 75328K, used 45195K [0x00000000fae00000, 0x00000000ff790000, 0x0000000100000000)
}
Event: 125600.121 GC heap before
{Heap before GC invocations=30831 (full 827):
 par new generation   total 78656K, used 75358K [0x00000000bae00000, 0x00000000c0350000, 0x00000000cfac0000)
  eden space 69952K, 100% used [0x00000000bae00000, 0x00000000bf250000, 0x00000000bf250000)
  from space 8704K,  62% used [0x00000000bfad0000, 0x00000000c00178f0, 0x00000000c0350000)
  to   space 8704K,   0% used [0x00000000bf250000, 0x00000000bf250000, 0x00000000bfad0000)
 concurrent mark-sweep generation total 486164K, used 356620K [0x00000000cfac0000, 0x00000000ed585000, 0x00000000fae00000)
 concurrent-mark-sweep perm gen total 75328K, used 45195K [0x00000000fae00000, 0x00000000ff790000, 0x0000000100000000)
Event: 125600.136 GC heap after
Heap after GC invocations=30832 (full 827):
 par new generation   total 78656K, used 5224K [0x00000000bae00000, 0x00000000c0350000, 0x00000000cfac0000)
  eden space 69952K,   0% used [0x00000000bae00000, 0x00000000bae00000, 0x00000000bf250000)
  from space 8704K,  60% used [0x00000000bf250000, 0x00000000bf76a200, 0x00000000bfad0000)
  to   space 8704K,   0% used [0x00000000bfad0000, 0x00000000bfad0000, 0x00000000c0350000)
 concurrent mark-sweep generation total 486164K, used 357353K [0x00000000cfac0000, 0x00000000ed585000, 0x00000000fae00000)
 concurrent-mark-sweep perm gen total 75328K, used 45195K [0x00000000fae00000, 0x00000000ff790000, 0x0000000100000000)
}
Event: 125605.082 GC heap before
{Heap before GC invocations=30832 (full 827):
 par new generation   total 78656K, used 75176K [0x00000000bae00000, 0x00000000c0350000, 0x00000000cfac0000)
  eden space 69952K, 100% used [0x00000000bae00000, 0x00000000bf250000, 0x00000000bf250000)
  from space 8704K,  60% used [0x00000000bf250000, 0x00000000bf76a200, 0x00000000bfad0000)
  to   space 8704K,   0% used [0x00000000bfad0000, 0x00000000bfad0000, 0x00000000c0350000)
 concurrent mark-sweep generation total 486164K, used 357353K [0x00000000cfac0000, 0x00000000ed585000, 0x00000000fae00000)
 concurrent-mark-sweep perm gen total 75328K, used 45195K [0x00000000fae00000, 0x00000000ff790000, 0x0000000100000000)
Event: 125605.091 GC heap after
Heap after GC invocations=30833 (full 827):
 par new generation   total 78656K, used 3765K [0x00000000bae00000, 0x00000000c0350000, 0x00000000cfac0000)
  eden space 69952K,   0% used [0x00000000bae00000, 0x00000000bae00000, 0x00000000bf250000)
  from space 8704K,  43% used [0x00000000bfad0000, 0x00000000bfe7d6c0, 0x00000000c0350000)
  to   space 8704K,   0% used [0x00000000bf250000, 0x00000000bf250000, 0x00000000bfad0000)
 concurrent mark-sweep generation total 486164K, used 357704K [0x00000000cfac0000, 0x00000000ed585000, 0x00000000fae00000)
 concurrent-mark-sweep perm gen total 75328K, used 45195K [0x00000000fae00000, 0x00000000ff790000, 0x0000000100000000)
}

